This is pdfTeX, Version 3.14159265-2.6-1.40.17 (TeX Live 2016) (preloaded format=pdflatex 2018.1.3)  6 MAR 2018 20:32
entering extended mode
 restricted \write18 enabled.
 %&-line parsing enabled.
**CS2006-P1-Report.tex
(./CS2006-P1-Report.tex
LaTeX2e <2016/03/31>
Babel <3.9r> and hyphenation patterns for 80 language(s) loaded.
(/usr/share/texlive/texmf-dist/tex/latex/base/article.cls
Document Class: article 2014/09/29 v1.4h Standard LaTeX document class
(/usr/share/texlive/texmf-dist/tex/latex/base/size10.clo
File: size10.clo 2014/09/29 v1.4h Standard LaTeX file (size option)
)
\c@part=\count79
\c@section=\count80
\c@subsection=\count81
\c@subsubsection=\count82
\c@paragraph=\count83
\c@subparagraph=\count84
\c@figure=\count85
\c@table=\count86
\abovecaptionskip=\skip41
\belowcaptionskip=\skip42
\bibindent=\dimen102
)
(/usr/share/texlive/texmf-dist/tex/latex/graphics/graphicx.sty
Package: graphicx 2014/10/28 v1.0g Enhanced LaTeX Graphics (DPC,SPQR)

(/usr/share/texlive/texmf-dist/tex/latex/graphics/keyval.sty
Package: keyval 2014/10/28 v1.15 key=value parser (DPC)
\KV@toks@=\toks14
)
(/usr/share/texlive/texmf-dist/tex/latex/graphics/graphics.sty
Package: graphics 2016/05/09 v1.0r Standard LaTeX Graphics (DPC,SPQR)

(/usr/share/texlive/texmf-dist/tex/latex/graphics/trig.sty
Package: trig 2016/01/03 v1.10 sin cos tan (DPC)
)
(/usr/share/texlive/texmf-dist/tex/latex/graphics-cfg/graphics.cfg
File: graphics.cfg 2016/01/02 v1.10 sample graphics configuration
)
Package graphics Info: Driver file: pdftex.def on input line 96.

(/usr/share/texlive/texmf-dist/tex/latex/graphics-def/pdftex.def
File: pdftex.def 2016/07/10 v0.06j Graphics/color for pdfTeX

(/usr/share/texlive/texmf-dist/tex/generic/oberdiek/infwarerr.sty
Package: infwarerr 2016/05/16 v1.4 Providing info/warning/error messages (HO)
)
(/usr/share/texlive/texmf-dist/tex/generic/oberdiek/ltxcmds.sty
Package: ltxcmds 2016/05/16 v1.23 LaTeX kernel commands for general use (HO)
)
\Gread@gobject=\count87
))
\Gin@req@height=\dimen103
\Gin@req@width=\dimen104
)

LaTeX Warning: Unused global option(s):
    [11].

(./CS2006-P1-Report.aux)
\openout1 = `CS2006-P1-Report.aux'.

LaTeX Font Info:    Checking defaults for OML/cmm/m/it on input line 10.
LaTeX Font Info:    ... okay on input line 10.
LaTeX Font Info:    Checking defaults for T1/cmr/m/n on input line 10.
LaTeX Font Info:    ... okay on input line 10.
LaTeX Font Info:    Checking defaults for OT1/cmr/m/n on input line 10.
LaTeX Font Info:    ... okay on input line 10.
LaTeX Font Info:    Checking defaults for OMS/cmsy/m/n on input line 10.
LaTeX Font Info:    ... okay on input line 10.
LaTeX Font Info:    Checking defaults for OMX/cmex/m/n on input line 10.
LaTeX Font Info:    ... okay on input line 10.
LaTeX Font Info:    Checking defaults for U/cmr/m/n on input line 10.
LaTeX Font Info:    ... okay on input line 10.

(/usr/share/texlive/texmf-dist/tex/context/base/mkii/supp-pdf.mkii
[Loading MPS to PDF converter (version 2006.09.02).]
\scratchcounter=\count88
\scratchdimen=\dimen105
\scratchbox=\box26
\nofMPsegments=\count89
\nofMParguments=\count90
\everyMPshowfont=\toks15
\MPscratchCnt=\count91
\MPscratchDim=\dimen106
\MPnumerator=\count92
\makeMPintoPDFobject=\count93
\everyMPtoPDFconversion=\toks16
) (/usr/share/texlive/texmf-dist/tex/generic/oberdiek/pdftexcmds.sty
Package: pdftexcmds 2016/05/21 v0.22 Utility functions of pdfTeX for LuaTeX (HO
)

(/usr/share/texlive/texmf-dist/tex/generic/oberdiek/ifluatex.sty
Package: ifluatex 2016/05/16 v1.4 Provides the ifluatex switch (HO)
Package ifluatex Info: LuaTeX not detected.
)
(/usr/share/texlive/texmf-dist/tex/generic/oberdiek/ifpdf.sty
Package: ifpdf 2016/05/14 v3.1 Provides the ifpdf switch
)
Package pdftexcmds Info: LuaTeX not detected.
Package pdftexcmds Info: \pdf@primitive is available.
Package pdftexcmds Info: \pdf@ifprimitive is available.
Package pdftexcmds Info: \pdfdraftmode found.
)
(/usr/share/texlive/texmf-dist/tex/latex/oberdiek/epstopdf-base.sty
Package: epstopdf-base 2016/05/15 v2.6 Base part for package epstopdf

(/usr/share/texlive/texmf-dist/tex/latex/oberdiek/grfext.sty
Package: grfext 2016/05/16 v1.2 Manage graphics extensions (HO)

(/usr/share/texlive/texmf-dist/tex/generic/oberdiek/kvdefinekeys.sty
Package: kvdefinekeys 2016/05/16 v1.4 Define keys (HO)
))
(/usr/share/texlive/texmf-dist/tex/latex/oberdiek/kvoptions.sty
Package: kvoptions 2016/05/16 v3.12 Key value format for package options (HO)

(/usr/share/texlive/texmf-dist/tex/generic/oberdiek/kvsetkeys.sty
Package: kvsetkeys 2016/05/16 v1.17 Key value parser (HO)

(/usr/share/texlive/texmf-dist/tex/generic/oberdiek/etexcmds.sty
Package: etexcmds 2016/05/16 v1.6 Avoid name clashes with e-TeX commands (HO)
Package etexcmds Info: Could not find \expanded.
(etexcmds)             That can mean that you are not using pdfTeX 1.50 or
(etexcmds)             that some package has redefined \expanded.
(etexcmds)             In the latter case, load this package earlier.
)))
Package epstopdf-base Info: Redefining graphics rule for `.eps' on input line 4
38.
Package grfext Info: Graphics extension search list:
(grfext)             [.png,.pdf,.jpg,.mps,.jpeg,.jbig2,.jb2,.PNG,.PDF,.JPG,.JPE
G,.JBIG2,.JB2,.eps]
(grfext)             \AppendGraphicsExtensions on input line 456.

(/usr/share/texlive/texmf-dist/tex/latex/latexconfig/epstopdf-sys.cfg
File: epstopdf-sys.cfg 2010/07/13 v1.3 Configuration of (r)epstopdf for TeX Liv
e
))
LaTeX Font Info:    External font `cmex10' loaded for size
(Font)              <12> on input line 11.
LaTeX Font Info:    External font `cmex10' loaded for size
(Font)              <8> on input line 11.
LaTeX Font Info:    External font `cmex10' loaded for size
(Font)              <6> on input line 11.

Overfull \hbox (30.07819pt too wide) in paragraph at lines 11--11
 [][] 
 []

[1

{/usr/share/texlive/texmf-var/fonts/map/pdftex/updmap/pdftex.map}]
(./CS2006-P1-Report.toc
LaTeX Font Info:    External font `cmex10' loaded for size
(Font)              <7> on input line 2.
LaTeX Font Info:    External font `cmex10' loaded for size
(Font)              <5> on input line 2.
)
\tf@toc=\write3
\openout3 = `CS2006-P1-Report.toc'.

 [2]
Underfull \hbox (badness 10000) in paragraph at lines 17--20

 []


Underfull \hbox (badness 10000) in paragraph at lines 17--20

 []

LaTeX Font Info:    Try loading font information for OMS+cmr on input line 23.
(/usr/share/texlive/texmf-dist/tex/latex/base/omscmr.fd
File: omscmr.fd 2014/09/29 v2.5h Standard LaTeX font definitions
)
LaTeX Font Info:    Font shape `OMS/cmr/m/n' in size <10> not available
(Font)              Font shape `OMS/cmsy/m/n' tried instead on input line 23.
Missing character: There is no Â in font cmr10!
Missing character: There is no · in font cmr10!

Underfull \hbox (badness 10000) in paragraph at lines 42--43

 []

[3]
Overfull \hbox (42.40544pt too wide) in paragraph at lines 51--52
[]\OT1/cmr/bx/n/10 Medium Re-quire-ment 2 \OT1/cmr/m/n/10 - The func-tion 'find
-Val-Add(n)' in the twisted[]integers.py
 []


Overfull \hbox (41.29433pt too wide) in paragraph at lines 52--53
[]\OT1/cmr/bx/n/10 Medium Re-quire-ment 3 \OT1/cmr/m/n/10 - The func-tion 'find
-Val-Mul(n)' in the twisted[]integers.py
 []

Missing character: There is no â in font cmr10!
Missing character: There is no Š in font cmr10!
Missing character: There is no — in font cmr10!
Missing character: There is no â in font cmr10!
Missing character: There is no Š in font cmr10!
Missing character: There is no — in font cmr10!
Missing character: There is no â in font cmr10!
Missing character: There is no Š in font cmr10!
Missing character: There is no — in font cmr10!

Underfull \hbox (badness 10000) in paragraph at lines 56--57

 []

[4]
Underfull \hbox (badness 10000) in paragraph at lines 67--68

 []


Underfull \hbox (badness 10000) in paragraph at lines 67--68

 []


Underfull \hbox (badness 10000) in paragraph at lines 67--68

 []


Underfull \hbox (badness 10000) in paragraph at lines 69--70

 []

[5]
Overfull \hbox (4.16821pt too wide) in paragraph at lines 73--74
[]\OT1/cmr/bx/n/10 Medium Re-quire-ment 1 (twisted[]integer.py) \OT1/cmr/m/n/10
 - The It-er-a-to-rOfTwiste-
 []


Underfull \hbox (badness 10000) in paragraph at lines 75--76

 []


Underfull \hbox (badness 10000) in paragraph at lines 77--78

 []


Underfull \hbox (badness 10000) in paragraph at lines 77--78

 []


Underfull \hbox (badness 10000) in paragraph at lines 77--78

 []

[6] [7] <images/Test1.png, id=37, 537.00626pt x 909.3975pt>
File: images/Test1.png Graphic file (type png)

<use images/Test1.png>
Package pdftex.def Info: images/Test1.png used on input line 86.
(pdftex.def)             Requested size: 268.50247pt x 454.69765pt.
 <images/Test2.png, id=39, 665.48625pt x 718.685pt>
File: images/Test2.png Graphic file (type png)

<use images/Test2.png>
Package pdftex.def Info: images/Test2.png used on input line 87.
(pdftex.def)             Requested size: 332.74231pt x 359.34161pt.

Underfull \hbox (badness 10000) in paragraph at lines 86--88

 []

[8 <./images/Test1.png>] [9 <./images/Test2.png>] [10] (./CS2006-P1-Report.aux)
 ) 
Here is how much of TeX's memory you used:
 1523 strings out of 493039
 21899 string characters out of 6136944
 85666 words of memory out of 5000000
 5067 multiletter control sequences out of 15000+600000
 7895 words of font info for 28 fonts, out of 8000000 for 9000
 1137 hyphenation exceptions out of 8191
 38i,8n,23p,2051b,213s stack positions out of 5000i,500n,10000p,200000b,80000s
 </usr/share/texlive/texmf-dist/fonts/pk/ljfour/public/cm/dpi600/cmr8.pk> </u
sr/share/texlive/texmf-dist/fonts/pk/ljfour/public/cm/dpi600/cmr6.pk> </usr/sha
re/texlive/texmf-dist/fonts/pk/ljfour/public/cm/dpi600/cmr7.pk> </usr/share/tex
live/texmf-dist/fonts/pk/ljfour/public/cm/dpi600/cmmi10.pk> </usr/share/texlive
/texmf-dist/fonts/pk/ljfour/public/cm/dpi600/cmex10.pk> </usr/share/texlive/tex
mf-dist/fonts/pk/ljfour/public/cm/dpi600/cmsy10.pk> </cs/home/gdms/.cache/texli
ve/texmf-var/fonts/pk/ljfour/public/cm/cmbx12.600pk> </usr/share/texlive/texmf-
dist/fonts/pk/ljfour/public/cm/dpi600/cmbx10.pk> </cs/home/gdms/.cache/texlive/
texmf-var/fonts/pk/ljfour/public/cm/cmbx12.720pk> </usr/share/texlive/texmf-dis
t/fonts/pk/ljfour/public/cm/dpi600/cmr10.pk> </usr/share/texlive/texmf-dist/fon
ts/pk/ljfour/public/cm/dpi600/cmr12.pk> </usr/share/texlive/texmf-dist/fonts/pk
/ljfour/public/cm/dpi600/cmr17.pk>
Output written on CS2006-P1-Report.pdf (10 pages, 190573 bytes).
PDF statistics:
 376 PDF objects out of 1000 (max. 8388607)
 73 compressed objects within 1 object stream
 0 named destinations out of 1000 (max. 500000)
 11 words of extra memory for PDF output out of 10000 (max. 10000000)

